<?xml version="1.0" encoding="UTF-8"?>
<!-- Generated by org.testng.reporters.JUnitReportReporter -->
<testsuite hostname="LAPTOP-DNV4PNFG" failures="0" tests="2" name="com.atom.test.TestPayment" time="45.336" errors="1" timestamp="31 May 2021 10:49:17 GMT" skipped="0">
  <testcase classname="com.atom.test.TestPayment" name="createExcel" time="3.892">
    <error message="
Can inject only one of &lt;ITestContext, XmlTest&gt; into a @AfterSuite annotated createExcel.
For more information on native dependency injection please refer to http://testng.org/doc/documentation-main.html#native-dependency-injection" type="org.testng.TestNGException">
      <![CDATA[org.testng.TestNGException: 
Can inject only one of <ITestContext, XmlTest> into a @AfterSuite annotated createExcel.
For more information on native dependency injection please refer to http://testng.org/doc/documentation-main.html#native-dependency-injection
at org.testng.internal.Parameters.checkParameterTypes(Parameters.java:407)
at org.testng.internal.Parameters.createParametersForMethod(Parameters.java:356)
at org.testng.internal.Parameters.createParameters(Parameters.java:635)
at org.testng.internal.Parameters.createConfigurationParameters(Parameters.java:190)
at org.testng.internal.Invoker.invokeConfigurations(Invoker.java:209)
at org.testng.internal.Invoker.invokeConfigurations(Invoker.java:142)
at org.testng.SuiteRunner.privateRun(SuiteRunner.java:425)
at org.testng.SuiteRunner.run(SuiteRunner.java:364)
at org.testng.SuiteRunnerWorker.runSuite(SuiteRunnerWorker.java:52)
at org.testng.SuiteRunnerWorker.run(SuiteRunnerWorker.java:84)
at org.testng.TestNG.runSuitesSequentially(TestNG.java:1208)
at org.testng.TestNG.runSuitesLocally(TestNG.java:1137)
at org.testng.TestNG.runSuites(TestNG.java:1049)
at org.testng.TestNG.run(TestNG.java:1017)
at com.atom.execute.ExecutePaymentTest.executeTest(ExecutePaymentTest.java:37)
at com.atom.execute.ExecutePaymentTest.startMeeting(ExecutePaymentTest.java:48)
at com.atom.execute.ExecutePaymentTest.main(ExecutePaymentTest.java:112)
]]>
    </error>
  </testcase> <!-- createExcel -->
  <testcase classname="com.atom.test.TestPayment" name="paymentTest" time="41.444"/>
</testsuite> <!-- com.atom.test.TestPayment -->
